
!ENTRY com.aptana.shared_core 4 4 2013-04-05 14:34:01.030
!MESSAGE Error when analyzing module forms
!STACK 0
java.lang.RuntimeException: java.io.IOException: No such file or directory
	at org.python.pydev.core.DeltaSaver.addCommand(DeltaSaver.java:254)
	at org.python.pydev.core.DeltaSaver.addInsertCommand(DeltaSaver.java:293)
	at org.python.pydev.editor.codecompletion.revisited.ModulesManagerWithBuild.doAddSingleModule(ModulesManagerWithBuild.java:112)
	at org.python.pydev.editor.codecompletion.revisited.ModulesManager.getModule(ModulesManager.java:895)
	at org.python.pydev.editor.codecompletion.revisited.ModulesManager.getModule(ModulesManager.java:718)
	at org.python.pydev.editor.codecompletion.revisited.SystemModulesManager.getModule(SystemModulesManager.java:342)
	at org.python.pydev.editor.codecompletion.revisited.AbstractASTManager.getModule(AbstractASTManager.java:448)
	at org.python.pydev.editor.codecompletion.revisited.AbstractASTManager.findModuleFromPath(AbstractASTManager.java:1430)
	at org.python.pydev.editor.codecompletion.revisited.AbstractASTManager.findOnImportedMods(AbstractASTManager.java:1321)
	at org.python.pydev.editor.codecompletion.revisited.AbstractASTManager.findOnImportedMods(AbstractASTManager.java:1200)
	at com.python.pydev.analysis.visitors.ImportChecker.visitImportToken(ImportChecker.java:186)
	at com.python.pydev.analysis.visitors.ImportChecker.visitImportToken(ImportChecker.java:167)
	at com.python.pydev.analysis.visitors.Scope.addImportTokens(Scope.java:173)
	at com.python.pydev.analysis.scopeanalysis.AbstractScopeAnalyzerVisitor.visitImportFrom(AbstractScopeAnalyzerVisitor.java:562)
	at com.python.pydev.analysis.scopeanalysis.ScopeAnalyzerVisitor.visitImportFrom(ScopeAnalyzerVisitor.java:106)
	at org.python.pydev.parser.jython.ast.ImportFrom.accept(ImportFrom.java:99)
	at org.python.pydev.parser.jython.ast.Module.traverse(Module.java:86)
	at com.python.pydev.analysis.scopeanalysis.AbstractScopeAnalyzerVisitor.traverse(AbstractScopeAnalyzerVisitor.java:189)
	at org.python.pydev.parser.jython.ast.VisitorBase.visitModule(VisitorBase.java:10)
	at org.python.pydev.parser.jython.ast.Module.accept(Module.java:79)
	at com.python.pydev.refactoring.wizards.rename.AbstractRenameRefactorProcess.getOccurrencesWithScopeAnalyzer(AbstractRenameRefactorProcess.java:257)
	at com.python.pydev.refactoring.wizards.rename.PyRenameAnyLocalProcess.findReferencesToRenameOnLocalScope(PyRenameAnyLocalProcess.java:38)
	at com.python.pydev.refactoring.wizards.rename.AbstractRenameRefactorProcess.findReferencesToRename(AbstractRenameRefactorProcess.java:181)
	at com.python.pydev.refactoring.wizards.rename.PyRenameEntryPoint.checkFinalConditions(PyRenameEntryPoint.java:258)
	at com.python.pydev.refactoring.wizards.rename.PyRenameEntryPoint.checkFinalConditions(PyRenameEntryPoint.java:227)
	at com.python.pydev.refactoring.markoccurrences.MarkOccurrencesJob.checkAnnotations(MarkOccurrencesJob.java:226)
	at com.python.pydev.refactoring.markoccurrences.MarkOccurrencesJob.run(MarkOccurrencesJob.java:126)
	at org.eclipse.core.internal.jobs.Worker.run(Worker.java:54)
Caused by: java.io.IOException: No such file or directory
	at java.io.UnixFileSystem.createFileExclusively(Native Method)
	at java.io.File.createNewFile(File.java:947)
	at org.python.pydev.core.DeltaSaver.addCommand(DeltaSaver.java:252)
	... 27 more

!ENTRY com.aptana.shared_core 4 4 2013-04-05 15:21:20.739
!MESSAGE Error when analyzing module urls
!STACK 0
java.lang.RuntimeException: java.io.IOException: No such file or directory
	at org.python.pydev.core.DeltaSaver.addCommand(DeltaSaver.java:254)
	at org.python.pydev.core.DeltaSaver.addInsertCommand(DeltaSaver.java:293)
	at org.python.pydev.editor.codecompletion.revisited.ModulesManagerWithBuild.doAddSingleModule(ModulesManagerWithBuild.java:112)
	at org.python.pydev.editor.codecompletion.revisited.ModulesManager.getModule(ModulesManager.java:895)
	at org.python.pydev.editor.codecompletion.revisited.ModulesManager.getModule(ModulesManager.java:718)
	at org.python.pydev.editor.codecompletion.revisited.SystemModulesManager.getRelativeModule(SystemModulesManager.java:139)
	at org.python.pydev.editor.codecompletion.revisited.AbstractASTManager.getModule(AbstractASTManager.java:446)
	at org.python.pydev.editor.codecompletion.revisited.AbstractASTManager.findModuleFromPath(AbstractASTManager.java:1437)
	at org.python.pydev.editor.codecompletion.revisited.AbstractASTManager.findOnImportedMods(AbstractASTManager.java:1289)
	at org.python.pydev.editor.codecompletion.revisited.AbstractASTManager.findOnImportedMods(AbstractASTManager.java:1200)
	at com.python.pydev.analysis.visitors.ImportChecker.visitImportToken(ImportChecker.java:186)
	at com.python.pydev.analysis.visitors.ImportChecker.visitImportToken(ImportChecker.java:167)
	at com.python.pydev.analysis.visitors.Scope.addImportTokens(Scope.java:173)
	at com.python.pydev.analysis.scopeanalysis.AbstractScopeAnalyzerVisitor.visitImportFrom(AbstractScopeAnalyzerVisitor.java:562)
	at com.python.pydev.analysis.scopeanalysis.ScopeAnalyzerVisitor.visitImportFrom(ScopeAnalyzerVisitor.java:106)
	at org.python.pydev.parser.jython.ast.ImportFrom.accept(ImportFrom.java:99)
	at org.python.pydev.parser.jython.ast.Module.traverse(Module.java:86)
	at com.python.pydev.analysis.scopeanalysis.AbstractScopeAnalyzerVisitor.traverse(AbstractScopeAnalyzerVisitor.java:189)
	at org.python.pydev.parser.jython.ast.VisitorBase.visitModule(VisitorBase.java:10)
	at org.python.pydev.parser.jython.ast.Module.accept(Module.java:79)
	at com.python.pydev.refactoring.wizards.rename.AbstractRenameRefactorProcess.getOccurrencesWithScopeAnalyzer(AbstractRenameRefactorProcess.java:257)
	at com.python.pydev.refactoring.wizards.rename.PyRenameImportProcess.findReferencesToRenameOnLocalScope(PyRenameImportProcess.java:66)
	at com.python.pydev.refactoring.wizards.rename.AbstractRenameRefactorProcess.findReferencesToRename(AbstractRenameRefactorProcess.java:181)
	at com.python.pydev.refactoring.wizards.rename.PyRenameEntryPoint.checkFinalConditions(PyRenameEntryPoint.java:258)
	at com.python.pydev.refactoring.wizards.rename.PyRenameEntryPoint.checkFinalConditions(PyRenameEntryPoint.java:227)
	at com.python.pydev.refactoring.markoccurrences.MarkOccurrencesJob.checkAnnotations(MarkOccurrencesJob.java:226)
	at com.python.pydev.refactoring.markoccurrences.MarkOccurrencesJob.run(MarkOccurrencesJob.java:126)
	at org.eclipse.core.internal.jobs.Worker.run(Worker.java:54)
Caused by: java.io.IOException: No such file or directory
	at java.io.UnixFileSystem.createFileExclusively(Native Method)
	at java.io.File.createNewFile(File.java:947)
	at org.python.pydev.core.DeltaSaver.addCommand(DeltaSaver.java:252)
	... 27 more

!ENTRY com.aptana.shared_core 4 4 2013-04-05 15:22:51.347
!MESSAGE Error when analyzing module views
!STACK 0
java.lang.RuntimeException: java.io.IOException: No such file or directory
	at org.python.pydev.core.DeltaSaver.addCommand(DeltaSaver.java:254)
	at org.python.pydev.core.DeltaSaver.addInsertCommand(DeltaSaver.java:293)
	at org.python.pydev.editor.codecompletion.revisited.ModulesManagerWithBuild.doAddSingleModule(ModulesManagerWithBuild.java:112)
	at org.python.pydev.editor.codecompletion.revisited.ModulesManager.getModule(ModulesManager.java:895)
	at org.python.pydev.editor.codecompletion.revisited.ModulesManager.getModule(ModulesManager.java:718)
	at org.python.pydev.editor.codecompletion.revisited.SystemModulesManager.getModule(SystemModulesManager.java:342)
	at org.python.pydev.editor.codecompletion.revisited.AbstractASTManager.getModule(AbstractASTManager.java:448)
	at org.python.pydev.editor.codecompletion.revisited.AbstractASTManager.findModuleFromPath(AbstractASTManager.java:1430)
	at org.python.pydev.editor.codecompletion.revisited.AbstractASTManager.findOnImportedMods(AbstractASTManager.java:1304)
	at org.python.pydev.editor.codecompletion.revisited.AbstractASTManager.findOnImportedMods(AbstractASTManager.java:1200)
	at com.python.pydev.analysis.visitors.ImportChecker.visitImportToken(ImportChecker.java:186)
	at com.python.pydev.analysis.visitors.ImportChecker.visitImportToken(ImportChecker.java:167)
	at com.python.pydev.analysis.visitors.Scope.addImportTokens(Scope.java:173)
	at com.python.pydev.analysis.scopeanalysis.AbstractScopeAnalyzerVisitor.visitImportFrom(AbstractScopeAnalyzerVisitor.java:562)
	at com.python.pydev.analysis.scopeanalysis.ScopeAnalyzerVisitor.visitImportFrom(ScopeAnalyzerVisitor.java:106)
	at org.python.pydev.parser.jython.ast.ImportFrom.accept(ImportFrom.java:99)
	at org.python.pydev.parser.jython.ast.Module.traverse(Module.java:86)
	at com.python.pydev.analysis.scopeanalysis.AbstractScopeAnalyzerVisitor.traverse(AbstractScopeAnalyzerVisitor.java:189)
	at org.python.pydev.parser.jython.ast.VisitorBase.visitModule(VisitorBase.java:10)
	at org.python.pydev.parser.jython.ast.Module.accept(Module.java:79)
	at com.python.pydev.refactoring.wizards.rename.AbstractRenameRefactorProcess.getOccurrencesWithScopeAnalyzer(AbstractRenameRefactorProcess.java:257)
	at com.python.pydev.refactoring.wizards.rename.PyRenameImportProcess.findReferencesToRenameOnLocalScope(PyRenameImportProcess.java:66)
	at com.python.pydev.refactoring.wizards.rename.AbstractRenameRefactorProcess.findReferencesToRename(AbstractRenameRefactorProcess.java:181)
	at com.python.pydev.refactoring.wizards.rename.PyRenameEntryPoint.checkFinalConditions(PyRenameEntryPoint.java:258)
	at com.python.pydev.refactoring.wizards.rename.PyRenameEntryPoint.checkFinalConditions(PyRenameEntryPoint.java:227)
	at com.python.pydev.refactoring.markoccurrences.MarkOccurrencesJob.checkAnnotations(MarkOccurrencesJob.java:226)
	at com.python.pydev.refactoring.markoccurrences.MarkOccurrencesJob.run(MarkOccurrencesJob.java:126)
	at org.eclipse.core.internal.jobs.Worker.run(Worker.java:54)
Caused by: java.io.IOException: No such file or directory
	at java.io.UnixFileSystem.createFileExclusively(Native Method)
	at java.io.File.createNewFile(File.java:947)
	at org.python.pydev.core.DeltaSaver.addCommand(DeltaSaver.java:252)
	... 27 more

!ENTRY com.aptana.shared_core 4 4 2013-04-05 15:25:25.732
!MESSAGE java.io.IOException: No such file or directory
!STACK 0
java.lang.RuntimeException: java.io.IOException: No such file or directory
	at org.python.pydev.core.DeltaSaver.addCommand(DeltaSaver.java:254)
	at org.python.pydev.core.DeltaSaver.addInsertCommand(DeltaSaver.java:293)
	at org.python.pydev.editor.codecompletion.revisited.ModulesManagerWithBuild.doAddSingleModule(ModulesManagerWithBuild.java:112)
	at org.python.pydev.editor.codecompletion.revisited.ModulesManager.getModule(ModulesManager.java:895)
	at org.python.pydev.editor.codecompletion.revisited.ModulesManager.getModule(ModulesManager.java:718)
	at org.python.pydev.editor.codecompletion.revisited.SystemModulesManager.getModule(SystemModulesManager.java:342)
	at org.python.pydev.editor.codecompletion.revisited.AbstractASTManager.getModule(AbstractASTManager.java:448)
	at org.python.pydev.editor.codecompletion.revisited.AbstractASTManager.findModuleFromPath(AbstractASTManager.java:1430)
	at org.python.pydev.editor.codecompletion.revisited.AbstractASTManager.findOnImportedMods(AbstractASTManager.java:1321)
	at org.python.pydev.editor.codecompletion.revisited.AbstractASTManager.findOnImportedMods(AbstractASTManager.java:1200)
	at com.python.pydev.analysis.visitors.ImportChecker.visitImportToken(ImportChecker.java:186)
	at com.python.pydev.analysis.visitors.ImportChecker.visitImportToken(ImportChecker.java:167)
	at com.python.pydev.analysis.visitors.Scope.addImportTokens(Scope.java:173)
	at com.python.pydev.analysis.scopeanalysis.AbstractScopeAnalyzerVisitor.visitImport(AbstractScopeAnalyzerVisitor.java:538)
	at org.python.pydev.parser.jython.ast.Import.accept(Import.java:79)
	at org.python.pydev.parser.jython.ast.Module.traverse(Module.java:86)
	at com.python.pydev.analysis.scopeanalysis.AbstractScopeAnalyzerVisitor.traverse(AbstractScopeAnalyzerVisitor.java:189)
	at org.python.pydev.parser.jython.ast.VisitorBase.visitModule(VisitorBase.java:10)
	at org.python.pydev.parser.jython.ast.Module.accept(Module.java:79)
	at com.python.pydev.refactoring.wizards.rename.AbstractRenameRefactorProcess.getOccurrencesWithScopeAnalyzer(AbstractRenameRefactorProcess.java:257)
	at com.python.pydev.refactoring.wizards.rename.PyRenameAnyLocalProcess.findReferencesToRenameOnLocalScope(PyRenameAnyLocalProcess.java:38)
	at com.python.pydev.refactoring.wizards.rename.AbstractRenameRefactorProcess.findReferencesToRename(AbstractRenameRefactorProcess.java:181)
	at com.python.pydev.refactoring.wizards.rename.PyRenameEntryPoint.checkFinalConditions(PyRenameEntryPoint.java:258)
	at com.python.pydev.refactoring.wizards.rename.PyRenameEntryPoint.checkFinalConditions(PyRenameEntryPoint.java:227)
	at com.python.pydev.refactoring.markoccurrences.MarkOccurrencesJob.checkAnnotations(MarkOccurrencesJob.java:226)
	at com.python.pydev.refactoring.markoccurrences.MarkOccurrencesJob.run(MarkOccurrencesJob.java:126)
	at org.eclipse.core.internal.jobs.Worker.run(Worker.java:54)
Caused by: java.io.IOException: No such file or directory
	at java.io.UnixFileSystem.createFileExclusively(Native Method)
	at java.io.File.createNewFile(File.java:947)
	at org.python.pydev.core.DeltaSaver.addCommand(DeltaSaver.java:252)
	... 26 more

!ENTRY com.aptana.shared_core 4 4 2013-04-05 15:26:00.341
!MESSAGE Error when analyzing module workflows
!STACK 0
java.lang.RuntimeException: java.io.IOException: No such file or directory
	at org.python.pydev.core.DeltaSaver.addCommand(DeltaSaver.java:254)
	at org.python.pydev.core.DeltaSaver.addInsertCommand(DeltaSaver.java:293)
	at org.python.pydev.editor.codecompletion.revisited.ModulesManagerWithBuild.doAddSingleModule(ModulesManagerWithBuild.java:112)
	at org.python.pydev.editor.codecompletion.revisited.ModulesManager.getModule(ModulesManager.java:895)
	at org.python.pydev.editor.codecompletion.revisited.ModulesManager.getModule(ModulesManager.java:718)
	at org.python.pydev.editor.codecompletion.revisited.SystemModulesManager.getRelativeModule(SystemModulesManager.java:139)
	at org.python.pydev.editor.codecompletion.revisited.AbstractASTManager.getModule(AbstractASTManager.java:446)
	at org.python.pydev.editor.codecompletion.revisited.AbstractASTManager.findModuleFromPath(AbstractASTManager.java:1437)
	at org.python.pydev.editor.codecompletion.revisited.AbstractASTManager.findOnImportedMods(AbstractASTManager.java:1289)
	at org.python.pydev.editor.codecompletion.revisited.AbstractASTManager.findOnImportedMods(AbstractASTManager.java:1200)
	at com.python.pydev.analysis.visitors.ImportChecker.visitImportToken(ImportChecker.java:186)
	at com.python.pydev.analysis.visitors.ImportChecker.visitImportToken(ImportChecker.java:167)
	at com.python.pydev.analysis.visitors.Scope.addImportTokens(Scope.java:173)
	at com.python.pydev.analysis.scopeanalysis.AbstractScopeAnalyzerVisitor.visitImportFrom(AbstractScopeAnalyzerVisitor.java:562)
	at com.python.pydev.analysis.scopeanalysis.ScopeAnalyzerVisitor.visitImportFrom(ScopeAnalyzerVisitor.java:106)
	at org.python.pydev.parser.jython.ast.ImportFrom.accept(ImportFrom.java:99)
	at org.python.pydev.parser.jython.ast.Module.traverse(Module.java:86)
	at com.python.pydev.analysis.scopeanalysis.AbstractScopeAnalyzerVisitor.traverse(AbstractScopeAnalyzerVisitor.java:189)
	at org.python.pydev.parser.jython.ast.VisitorBase.visitModule(VisitorBase.java:10)
	at org.python.pydev.parser.jython.ast.Module.accept(Module.java:79)
	at com.python.pydev.refactoring.wizards.rename.AbstractRenameRefactorProcess.getOccurrencesWithScopeAnalyzer(AbstractRenameRefactorProcess.java:257)
	at com.python.pydev.refactoring.wizards.rename.PyRenameAnyLocalProcess.findReferencesToRenameOnLocalScope(PyRenameAnyLocalProcess.java:38)
	at com.python.pydev.refactoring.wizards.rename.AbstractRenameRefactorProcess.findReferencesToRename(AbstractRenameRefactorProcess.java:181)
	at com.python.pydev.refactoring.wizards.rename.PyRenameEntryPoint.checkFinalConditions(PyRenameEntryPoint.java:258)
	at com.python.pydev.refactoring.wizards.rename.PyRenameEntryPoint.checkFinalConditions(PyRenameEntryPoint.java:227)
	at com.python.pydev.refactoring.markoccurrences.MarkOccurrencesJob.checkAnnotations(MarkOccurrencesJob.java:226)
	at com.python.pydev.refactoring.markoccurrences.MarkOccurrencesJob.run(MarkOccurrencesJob.java:126)
	at org.eclipse.core.internal.jobs.Worker.run(Worker.java:54)
Caused by: java.io.IOException: No such file or directory
	at java.io.UnixFileSystem.createFileExclusively(Native Method)
	at java.io.File.createNewFile(File.java:947)
	at org.python.pydev.core.DeltaSaver.addCommand(DeltaSaver.java:252)
	... 27 more

!ENTRY com.aptana.shared_core 4 4 2013-04-05 15:34:59.825
!MESSAGE java.io.IOException: No such file or directory
!STACK 0
java.lang.RuntimeException: java.io.IOException: No such file or directory
	at org.python.pydev.core.DeltaSaver.addCommand(DeltaSaver.java:254)
	at org.python.pydev.core.DeltaSaver.addInsertCommand(DeltaSaver.java:293)
	at org.python.pydev.editor.codecompletion.revisited.ModulesManagerWithBuild.doAddSingleModule(ModulesManagerWithBuild.java:112)
	at org.python.pydev.editor.codecompletion.revisited.ModulesManager.getModule(ModulesManager.java:895)
	at org.python.pydev.editor.codecompletion.revisited.ModulesManager.getModule(ModulesManager.java:718)
	at org.python.pydev.editor.codecompletion.revisited.SystemModulesManager.getModule(SystemModulesManager.java:342)
	at org.python.pydev.editor.codecompletion.revisited.AbstractASTManager.getModule(AbstractASTManager.java:448)
	at org.python.pydev.editor.codecompletion.revisited.AbstractASTManager.findModuleFromPath(AbstractASTManager.java:1430)
	at org.python.pydev.editor.codecompletion.revisited.AbstractASTManager.findOnImportedMods(AbstractASTManager.java:1304)
	at org.python.pydev.editor.codecompletion.revisited.AbstractASTManager.findOnImportedMods(AbstractASTManager.java:1200)
	at org.python.pydev.editor.codecompletion.revisited.AbstractASTManager.findTokensOnImportedMods(AbstractASTManager.java:1089)
	at org.python.pydev.editor.codecompletion.revisited.AbstractASTManager.internalGenerateGetCompletionsForModule(AbstractASTManager.java:678)
	at org.python.pydev.editor.codecompletion.revisited.AbstractASTManager.getCompletionsForModule(AbstractASTManager.java:540)
	at org.python.pydev.editor.codecompletion.revisited.AbstractASTManager.getCompletionsForModule(AbstractASTManager.java:509)
	at org.python.pydev.editor.codecompletion.revisited.AbstractASTManager.getCompletionsForModule(AbstractASTManager.java:501)
	at org.python.pydev.editor.codecompletion.revisited.AbstractASTManager.getCompletionsForModule(AbstractASTManager.java:492)
	at org.python.pydev.editor.codecompletion.revisited.modules.SourceModule.getClassToks(SourceModule.java:589)
	at org.python.pydev.editor.codecompletion.revisited.modules.SourceModule.getGlobalTokens(SourceModule.java:514)
	at org.python.pydev.editor.codecompletion.revisited.AbstractASTManager.internalGenerateGetCompletionsForModule(AbstractASTManager.java:713)
	at org.python.pydev.editor.codecompletion.revisited.AbstractASTManager.getCompletionsForModule(AbstractASTManager.java:540)
	at org.python.pydev.editor.codecompletion.revisited.AbstractASTManager.getCompletionsForModule(AbstractASTManager.java:509)
	at org.python.pydev.editor.codecompletion.revisited.AbstractASTManager.getCompletionsForModule(AbstractASTManager.java:501)
	at org.python.pydev.editor.codecompletion.revisited.AbstractASTManager.getCompletionsForModule(AbstractASTManager.java:492)
	at org.python.pydev.editor.codecompletion.revisited.AbstractASTManager.findTokensOnImportedMods(AbstractASTManager.java:1125)
	at org.python.pydev.editor.codecompletion.revisited.AbstractASTManager.internalGenerateGetCompletionsForModule(AbstractASTManager.java:678)
	at org.python.pydev.editor.codecompletion.revisited.AbstractASTManager.getCompletionsForModule(AbstractASTManager.java:540)
	at org.python.pydev.editor.codecompletion.revisited.AbstractASTManager.getCompletionsForModule(AbstractASTManager.java:509)
	at org.python.pydev.editor.codecompletion.revisited.AbstractASTManager.getCompletionsForModule(AbstractASTManager.java:501)
	at org.python.pydev.editor.codecompletion.revisited.AbstractASTManager.getCompletionsForModule(AbstractASTManager.java:492)
	at org.python.pydev.editor.codecompletion.revisited.AssignAnalysis.addFunctionDefCompletionsFromReturn(AssignAnalysis.java:121)
	at org.python.pydev.editor.codecompletion.revisited.AssignAnalysis.getAssignCompletions(AssignAnalysis.java:87)
	at org.python.pydev.editor.codecompletion.revisited.AbstractASTManager.getAssignCompletions(AbstractASTManager.java:782)
	at org.python.pydev.editor.codecompletion.revisited.AbstractASTManager.internalGenerateGetCompletionsForModule(AbstractASTManager.java:756)
	at org.python.pydev.editor.codecompletion.revisited.AbstractASTManager.getCompletionsForModule(AbstractASTManager.java:540)
	at org.python.pydev.editor.codecompletion.revisited.AbstractASTManager.getCompletionsForModule(AbstractASTManager.java:509)
	at org.python.pydev.editor.codecompletion.revisited.AbstractASTManager.getCompletionsForModule(AbstractASTManager.java:501)
	at org.python.pydev.editor.codecompletion.revisited.modules.SourceModule.findGlobalTokDef(SourceModule.java:967)
	at org.python.pydev.editor.codecompletion.revisited.modules.SourceModule.findDefinitionsFromModAndTok(SourceModule.java:916)
	at org.python.pydev.editor.codecompletion.revisited.modules.SourceModule.findDefinition(SourceModule.java:898)
	at org.python.pydev.editor.codecompletion.revisited.modules.SourceModule.findDefinition(SourceModule.java:657)
	at org.python.pydev.editor.codecompletion.revisited.modules.SourceModule.findDefinition(SourceModule.java:1)
	at org.python.pydev.editor.refactoring.PyRefactoringFindDefinition.findActualDefinition(PyRefactoringFindDefinition.java:179)
	at org.python.pydev.editor.refactoring.PyRefactoringFindDefinition.findActualDefinition(PyRefactoringFindDefinition.java:81)
	at org.python.pydev.editor.hover.PyTextHover.getDocstringHover(PyTextHover.java:206)
	at org.python.pydev.editor.hover.PyTextHover.getHoverInfo(PyTextHover.java:150)
	at org.eclipse.jface.text.TextViewerHoverManager$4.run(TextViewerHoverManager.java:168)
Caused by: java.io.IOException: No such file or directory
	at java.io.UnixFileSystem.createFileExclusively(Native Method)
	at java.io.File.createNewFile(File.java:947)
	at org.python.pydev.core.DeltaSaver.addCommand(DeltaSaver.java:252)
	... 45 more

!ENTRY org.eclipse.jface.text 4 0 2013-04-05 15:34:59.826
!MESSAGE Unexpected runtime error while computing a text hover
!STACK 0
java.lang.RuntimeException: java.lang.RuntimeException: Error when getting assign completions for:api
	at org.python.pydev.editor.refactoring.PyRefactoringFindDefinition.findActualDefinition(PyRefactoringFindDefinition.java:88)
	at org.python.pydev.editor.hover.PyTextHover.getDocstringHover(PyTextHover.java:206)
	at org.python.pydev.editor.hover.PyTextHover.getHoverInfo(PyTextHover.java:150)
	at org.eclipse.jface.text.TextViewerHoverManager$4.run(TextViewerHoverManager.java:168)
Caused by: java.lang.RuntimeException: Error when getting assign completions for:api
	at org.python.pydev.editor.codecompletion.revisited.AssignAnalysis.getAssignCompletions(AssignAnalysis.java:97)
	at org.python.pydev.editor.codecompletion.revisited.AbstractASTManager.getAssignCompletions(AbstractASTManager.java:782)
	at org.python.pydev.editor.codecompletion.revisited.AbstractASTManager.internalGenerateGetCompletionsForModule(AbstractASTManager.java:756)
	at org.python.pydev.editor.codecompletion.revisited.AbstractASTManager.getCompletionsForModule(AbstractASTManager.java:540)
	at org.python.pydev.editor.codecompletion.revisited.AbstractASTManager.getCompletionsForModule(AbstractASTManager.java:509)
	at org.python.pydev.editor.codecompletion.revisited.AbstractASTManager.getCompletionsForModule(AbstractASTManager.java:501)
	at org.python.pydev.editor.codecompletion.revisited.modules.SourceModule.findGlobalTokDef(SourceModule.java:967)
	at org.python.pydev.editor.codecompletion.revisited.modules.SourceModule.findDefinitionsFromModAndTok(SourceModule.java:916)
	at org.python.pydev.editor.codecompletion.revisited.modules.SourceModule.findDefinition(SourceModule.java:898)
	at org.python.pydev.editor.codecompletion.revisited.modules.SourceModule.findDefinition(SourceModule.java:657)
	at org.python.pydev.editor.codecompletion.revisited.modules.SourceModule.findDefinition(SourceModule.java:1)
	at org.python.pydev.editor.refactoring.PyRefactoringFindDefinition.findActualDefinition(PyRefactoringFindDefinition.java:179)
	at org.python.pydev.editor.refactoring.PyRefactoringFindDefinition.findActualDefinition(PyRefactoringFindDefinition.java:81)
	... 3 more
Caused by: java.lang.RuntimeException: java.io.IOException: No such file or directory
	at org.python.pydev.core.DeltaSaver.addCommand(DeltaSaver.java:254)
	at org.python.pydev.core.DeltaSaver.addInsertCommand(DeltaSaver.java:293)
	at org.python.pydev.editor.codecompletion.revisited.ModulesManagerWithBuild.doAddSingleModule(ModulesManagerWithBuild.java:112)
	at org.python.pydev.editor.codecompletion.revisited.ModulesManager.getModule(ModulesManager.java:895)
	at org.python.pydev.editor.codecompletion.revisited.ModulesManager.getModule(ModulesManager.java:718)
	at org.python.pydev.editor.codecompletion.revisited.SystemModulesManager.getModule(SystemModulesManager.java:342)
	at org.python.pydev.editor.codecompletion.revisited.AbstractASTManager.getModule(AbstractASTManager.java:448)
	at org.python.pydev.editor.codecompletion.revisited.AbstractASTManager.findModuleFromPath(AbstractASTManager.java:1430)
	at org.python.pydev.editor.codecompletion.revisited.AbstractASTManager.findOnImportedMods(AbstractASTManager.java:1304)
	at org.python.pydev.editor.codecompletion.revisited.AbstractASTManager.findOnImportedMods(AbstractASTManager.java:1200)
	at org.python.pydev.editor.codecompletion.revisited.AbstractASTManager.findTokensOnImportedMods(AbstractASTManager.java:1089)
	at org.python.pydev.editor.codecompletion.revisited.AbstractASTManager.internalGenerateGetCompletionsForModule(AbstractASTManager.java:678)
	at org.python.pydev.editor.codecompletion.revisited.AbstractASTManager.getCompletionsForModule(AbstractASTManager.java:540)
	at org.python.pydev.editor.codecompletion.revisited.AbstractASTManager.getCompletionsForModule(AbstractASTManager.java:509)
	at org.python.pydev.editor.codecompletion.revisited.AbstractASTManager.getCompletionsForModule(AbstractASTManager.java:501)
	at org.python.pydev.editor.codecompletion.revisited.AbstractASTManager.getCompletionsForModule(AbstractASTManager.java:492)
	at org.python.pydev.editor.codecompletion.revisited.modules.SourceModule.getClassToks(SourceModule.java:589)
	at org.python.pydev.editor.codecompletion.revisited.modules.SourceModule.getGlobalTokens(SourceModule.java:514)
	at org.python.pydev.editor.codecompletion.revisited.AbstractASTManager.internalGenerateGetCompletionsForModule(AbstractASTManager.java:713)
	at org.python.pydev.editor.codecompletion.revisited.AbstractASTManager.getCompletionsForModule(AbstractASTManager.java:540)
	at org.python.pydev.editor.codecompletion.revisited.AbstractASTManager.getCompletionsForModule(AbstractASTManager.java:509)
	at org.python.pydev.editor.codecompletion.revisited.AbstractASTManager.getCompletionsForModule(AbstractASTManager.java:501)
	at org.python.pydev.editor.codecompletion.revisited.AbstractASTManager.getCompletionsForModule(AbstractASTManager.java:492)
	at org.python.pydev.editor.codecompletion.revisited.AbstractASTManager.findTokensOnImportedMods(AbstractASTManager.java:1125)
	at org.python.pydev.editor.codecompletion.revisited.AbstractASTManager.internalGenerateGetCompletionsForModule(AbstractASTManager.java:678)
	at org.python.pydev.editor.codecompletion.revisited.AbstractASTManager.getCompletionsForModule(AbstractASTManager.java:540)
	at org.python.pydev.editor.codecompletion.revisited.AbstractASTManager.getCompletionsForModule(AbstractASTManager.java:509)
	at org.python.pydev.editor.codecompletion.revisited.AbstractASTManager.getCompletionsForModule(AbstractASTManager.java:501)
	at org.python.pydev.editor.codecompletion.revisited.AbstractASTManager.getCompletionsForModule(AbstractASTManager.java:492)
	at org.python.pydev.editor.codecompletion.revisited.AssignAnalysis.addFunctionDefCompletionsFromReturn(AssignAnalysis.java:121)
	at org.python.pydev.editor.codecompletion.revisited.AssignAnalysis.getAssignCompletions(AssignAnalysis.java:87)
	... 15 more
Caused by: java.io.IOException: No such file or directory
	at java.io.UnixFileSystem.createFileExclusively(Native Method)
	at java.io.File.createNewFile(File.java:947)
	at org.python.pydev.core.DeltaSaver.addCommand(DeltaSaver.java:252)
	... 45 more

!ENTRY org.eclipse.jface.text 4 0 2013-04-05 15:35:03.322
!MESSAGE Unexpected runtime error while computing a text hover
!STACK 0
java.lang.RuntimeException: java.lang.RuntimeException: Error when getting assign completions for:api
	at org.python.pydev.editor.refactoring.PyRefactoringFindDefinition.findActualDefinition(PyRefactoringFindDefinition.java:88)
	at org.python.pydev.editor.hover.PyTextHover.getDocstringHover(PyTextHover.java:206)
	at org.python.pydev.editor.hover.PyTextHover.getHoverInfo(PyTextHover.java:150)
	at org.eclipse.jface.text.TextViewerHoverManager$4.run(TextViewerHoverManager.java:168)
Caused by: java.lang.RuntimeException: Error when getting assign completions for:api
	at org.python.pydev.editor.codecompletion.revisited.AssignAnalysis.getAssignCompletions(AssignAnalysis.java:97)
	at org.python.pydev.editor.codecompletion.revisited.AbstractASTManager.getAssignCompletions(AbstractASTManager.java:782)
	at org.python.pydev.editor.codecompletion.revisited.AbstractASTManager.internalGenerateGetCompletionsForModule(AbstractASTManager.java:756)
	at org.python.pydev.editor.codecompletion.revisited.AbstractASTManager.getCompletionsForModule(AbstractASTManager.java:540)
	at org.python.pydev.editor.codecompletion.revisited.AbstractASTManager.getCompletionsForModule(AbstractASTManager.java:509)
	at org.python.pydev.editor.codecompletion.revisited.AbstractASTManager.getCompletionsForModule(AbstractASTManager.java:501)
	at org.python.pydev.editor.codecompletion.revisited.modules.SourceModule.findGlobalTokDef(SourceModule.java:967)
	at org.python.pydev.editor.codecompletion.revisited.modules.SourceModule.findDefinitionsFromModAndTok(SourceModule.java:916)
	at org.python.pydev.editor.codecompletion.revisited.modules.SourceModule.findDefinition(SourceModule.java:898)
	at org.python.pydev.editor.codecompletion.revisited.modules.SourceModule.findDefinition(SourceModule.java:657)
	at org.python.pydev.editor.codecompletion.revisited.modules.SourceModule.findDefinition(SourceModule.java:1)
	at org.python.pydev.editor.refactoring.PyRefactoringFindDefinition.findActualDefinition(PyRefactoringFindDefinition.java:179)
	at org.python.pydev.editor.refactoring.PyRefactoringFindDefinition.findActualDefinition(PyRefactoringFindDefinition.java:81)
	... 3 more
Caused by: java.lang.RuntimeException: java.io.IOException: No such file or directory
	at org.python.pydev.core.DeltaSaver.addCommand(DeltaSaver.java:254)
	at org.python.pydev.core.DeltaSaver.addInsertCommand(DeltaSaver.java:293)
	at org.python.pydev.editor.codecompletion.revisited.ModulesManagerWithBuild.doAddSingleModule(ModulesManagerWithBuild.java:112)
	at org.python.pydev.editor.codecompletion.revisited.ModulesManager.getModule(ModulesManager.java:895)
	at org.python.pydev.editor.codecompletion.revisited.ModulesManager.getModule(ModulesManager.java:718)
	at org.python.pydev.editor.codecompletion.revisited.SystemModulesManager.getModule(SystemModulesManager.java:342)
	at org.python.pydev.editor.codecompletion.revisited.SystemModulesManager.getModule(SystemModulesManager.java:123)
	at org.python.pydev.editor.codecompletion.revisited.SystemModulesManager.getModuleAndRelatedModulesManager(SystemModulesManager.java:351)
	at org.python.pydev.editor.codecompletion.revisited.AbstractASTManager.searchOnSameLevelMods(AbstractASTManager.java:860)
	at org.python.pydev.editor.codecompletion.revisited.AbstractASTManager.internalGenerateGetCompletionsForModule(AbstractASTManager.java:685)
	at org.python.pydev.editor.codecompletion.revisited.AbstractASTManager.getCompletionsForModule(AbstractASTManager.java:540)
	at org.python.pydev.editor.codecompletion.revisited.AbstractASTManager.getCompletionsForModule(AbstractASTManager.java:509)
	at org.python.pydev.editor.codecompletion.revisited.AbstractASTManager.getCompletionsForModule(AbstractASTManager.java:501)
	at org.python.pydev.editor.codecompletion.revisited.AbstractASTManager.getCompletionsForModule(AbstractASTManager.java:492)
	at org.python.pydev.editor.codecompletion.revisited.AbstractASTManager.findTokensOnImportedMods(AbstractASTManager.java:1125)
	at org.python.pydev.editor.codecompletion.revisited.AbstractASTManager.internalGenerateGetCompletionsForModule(AbstractASTManager.java:678)
	at org.python.pydev.editor.codecompletion.revisited.AbstractASTManager.getCompletionsForModule(AbstractASTManager.java:540)
	at org.python.pydev.editor.codecompletion.revisited.AbstractASTManager.getCompletionsForModule(AbstractASTManager.java:509)
	at org.python.pydev.editor.codecompletion.revisited.AbstractASTManager.getCompletionsForModule(AbstractASTManager.java:501)
	at org.python.pydev.editor.codecompletion.revisited.AbstractASTManager.getCompletionsForModule(AbstractASTManager.java:492)
	at org.python.pydev.editor.codecompletion.revisited.modules.SourceModule.getClassToks(SourceModule.java:589)
	at org.python.pydev.editor.codecompletion.revisited.modules.SourceModule.getGlobalTokens(SourceModule.java:514)
	at org.python.pydev.editor.codecompletion.revisited.AbstractASTManager.internalGenerateGetCompletionsForModule(AbstractASTManager.java:713)
	at org.python.pydev.editor.codecompletion.revisited.AbstractASTManager.getCompletionsForModule(AbstractASTManager.java:540)
	at org.python.pydev.editor.codecompletion.revisited.AbstractASTManager.getCompletionsForModule(AbstractASTManager.java:509)
	at org.python.pydev.editor.codecompletion.revisited.AbstractASTManager.getCompletionsForModule(AbstractASTManager.java:501)
	at org.python.pydev.editor.codecompletion.revisited.AbstractASTManager.getCompletionsForModule(AbstractASTManager.java:492)
	at org.python.pydev.editor.codecompletion.revisited.AbstractASTManager.findTokensOnImportedMods(AbstractASTManager.java:1125)
	at org.python.pydev.editor.codecompletion.revisited.AbstractASTManager.internalGenerateGetCompletionsForModule(AbstractASTManager.java:678)
	at org.python.pydev.editor.codecompletion.revisited.AbstractASTManager.getCompletionsForModule(AbstractASTManager.java:540)
	at org.python.pydev.editor.codecompletion.revisited.AbstractASTManager.getCompletionsForModule(AbstractASTManager.java:509)
	at org.python.pydev.editor.codecompletion.revisited.AbstractASTManager.getCompletionsForModule(AbstractASTManager.java:501)
	at org.python.pydev.editor.codecompletion.revisited.AbstractASTManager.getCompletionsForModule(AbstractASTManager.java:492)
	at org.python.pydev.editor.codecompletion.revisited.AssignAnalysis.addFunctionDefCompletionsFromReturn(AssignAnalysis.java:121)
	at org.python.pydev.editor.codecompletion.revisited.AssignAnalysis.getAssignCompletions(AssignAnalysis.java:87)
	... 15 more
Caused by: java.io.IOException: No such file or directory
	at java.io.UnixFileSystem.createFileExclusively(Native Method)
	at java.io.File.createNewFile(File.java:947)
	at org.python.pydev.core.DeltaSaver.addCommand(DeltaSaver.java:252)
	... 49 more

!ENTRY org.eclipse.jface.text 4 0 2013-04-05 15:43:12.655
!MESSAGE Unexpected runtime error while computing a text hover
!STACK 0
java.lang.RuntimeException: java.lang.RuntimeException: java.io.IOException: No such file or directory
	at org.python.pydev.editor.refactoring.PyRefactoringFindDefinition.findActualDefinition(PyRefactoringFindDefinition.java:88)
	at org.python.pydev.editor.hover.PyTextHover.getDocstringHover(PyTextHover.java:206)
	at org.python.pydev.editor.hover.PyTextHover.getHoverInfo(PyTextHover.java:150)
	at org.eclipse.jface.text.TextViewerHoverManager$4.run(TextViewerHoverManager.java:168)
Caused by: java.lang.RuntimeException: java.io.IOException: No such file or directory
	at org.python.pydev.core.DeltaSaver.addCommand(DeltaSaver.java:254)
	at org.python.pydev.core.DeltaSaver.addInsertCommand(DeltaSaver.java:293)
	at org.python.pydev.editor.codecompletion.revisited.ModulesManagerWithBuild.doAddSingleModule(ModulesManagerWithBuild.java:112)
	at org.python.pydev.editor.codecompletion.revisited.ModulesManager.getModule(ModulesManager.java:895)
	at org.python.pydev.editor.codecompletion.revisited.ModulesManager.getModule(ModulesManager.java:718)
	at org.python.pydev.editor.codecompletion.revisited.SystemModulesManager.getModule(SystemModulesManager.java:342)
	at org.python.pydev.editor.codecompletion.revisited.SystemModulesManager.getModule(SystemModulesManager.java:123)
	at org.python.pydev.editor.codecompletion.revisited.AbstractASTManager.getModule(AbstractASTManager.java:433)
	at org.python.pydev.editor.codecompletion.revisited.AbstractASTManager.getCompletionsForWildImport(AbstractASTManager.java:1068)
	at org.python.pydev.editor.codecompletion.revisited.AbstractASTManager.getGlobalCompletions(AbstractASTManager.java:931)
	at org.python.pydev.editor.codecompletion.revisited.AbstractASTManager.internalGenerateGetCompletionsForModule(AbstractASTManager.java:661)
	at org.python.pydev.editor.codecompletion.revisited.AbstractASTManager.getCompletionsForModule(AbstractASTManager.java:540)
	at org.python.pydev.editor.codecompletion.revisited.AbstractASTManager.getCompletionsForModule(AbstractASTManager.java:509)
	at org.python.pydev.editor.codecompletion.revisited.AbstractASTManager.getCompletionsForModule(AbstractASTManager.java:501)
	at org.python.pydev.editor.codecompletion.revisited.modules.SourceModule.findGlobalTokDef(SourceModule.java:967)
	at org.python.pydev.editor.codecompletion.revisited.modules.SourceModule.findDefinitionsFromModAndTok(SourceModule.java:916)
	at org.python.pydev.editor.codecompletion.revisited.modules.SourceModule.findDefinition(SourceModule.java:898)
	at org.python.pydev.editor.codecompletion.revisited.modules.SourceModule.findDefinition(SourceModule.java:657)
	at org.python.pydev.editor.codecompletion.revisited.modules.SourceModule.findDefinition(SourceModule.java:1)
	at org.python.pydev.editor.refactoring.PyRefactoringFindDefinition.findActualDefinition(PyRefactoringFindDefinition.java:179)
	at org.python.pydev.editor.refactoring.PyRefactoringFindDefinition.findActualDefinition(PyRefactoringFindDefinition.java:81)
	... 3 more
Caused by: java.io.IOException: No such file or directory
	at java.io.UnixFileSystem.createFileExclusively(Native Method)
	at java.io.File.createNewFile(File.java:947)
	at org.python.pydev.core.DeltaSaver.addCommand(DeltaSaver.java:252)
	... 23 more

!ENTRY org.eclipse.jface.text 4 0 2013-04-05 15:43:13.118
!MESSAGE Unexpected runtime error while computing a text hover
!STACK 0
java.lang.RuntimeException: java.lang.RuntimeException: java.io.IOException: No such file or directory
	at org.python.pydev.editor.refactoring.PyRefactoringFindDefinition.findActualDefinition(PyRefactoringFindDefinition.java:88)
	at org.python.pydev.editor.hover.PyTextHover.getDocstringHover(PyTextHover.java:206)
	at org.python.pydev.editor.hover.PyTextHover.getHoverInfo(PyTextHover.java:150)
	at org.eclipse.jface.text.TextViewerHoverManager$4.run(TextViewerHoverManager.java:168)
Caused by: java.lang.RuntimeException: java.io.IOException: No such file or directory
	at org.python.pydev.core.DeltaSaver.addCommand(DeltaSaver.java:254)
	at org.python.pydev.core.DeltaSaver.addInsertCommand(DeltaSaver.java:293)
	at org.python.pydev.editor.codecompletion.revisited.ModulesManagerWithBuild.doAddSingleModule(ModulesManagerWithBuild.java:112)
	at org.python.pydev.editor.codecompletion.revisited.ModulesManager.getModule(ModulesManager.java:895)
	at org.python.pydev.editor.codecompletion.revisited.ModulesManager.getModule(ModulesManager.java:718)
	at org.python.pydev.editor.codecompletion.revisited.SystemModulesManager.getModule(SystemModulesManager.java:342)
	at org.python.pydev.editor.codecompletion.revisited.SystemModulesManager.getModule(SystemModulesManager.java:123)
	at org.python.pydev.editor.codecompletion.revisited.AbstractASTManager.getModule(AbstractASTManager.java:433)
	at org.python.pydev.editor.codecompletion.revisited.AbstractASTManager.getCompletionsForWildImport(AbstractASTManager.java:1068)
	at org.python.pydev.editor.codecompletion.revisited.AbstractASTManager.getGlobalCompletions(AbstractASTManager.java:931)
	at org.python.pydev.editor.codecompletion.revisited.AbstractASTManager.internalGenerateGetCompletionsForModule(AbstractASTManager.java:661)
	at org.python.pydev.editor.codecompletion.revisited.AbstractASTManager.getCompletionsForModule(AbstractASTManager.java:540)
	at org.python.pydev.editor.codecompletion.revisited.AbstractASTManager.getCompletionsForModule(AbstractASTManager.java:509)
	at org.python.pydev.editor.codecompletion.revisited.AbstractASTManager.getCompletionsForModule(AbstractASTManager.java:501)
	at org.python.pydev.editor.codecompletion.revisited.modules.SourceModule.findGlobalTokDef(SourceModule.java:967)
	at org.python.pydev.editor.codecompletion.revisited.modules.SourceModule.findDefinitionsFromModAndTok(SourceModule.java:916)
	at org.python.pydev.editor.codecompletion.revisited.modules.SourceModule.findDefinition(SourceModule.java:898)
	at org.python.pydev.editor.codecompletion.revisited.modules.SourceModule.findDefinition(SourceModule.java:657)
	at org.python.pydev.editor.codecompletion.revisited.modules.SourceModule.findDefinition(SourceModule.java:1)
	at org.python.pydev.editor.refactoring.PyRefactoringFindDefinition.findActualDefinition(PyRefactoringFindDefinition.java:179)
	at org.python.pydev.editor.refactoring.PyRefactoringFindDefinition.findActualDefinition(PyRefactoringFindDefinition.java:81)
	... 3 more
Caused by: java.io.IOException: No such file or directory
	at java.io.UnixFileSystem.createFileExclusively(Native Method)
	at java.io.File.createNewFile(File.java:947)
	at org.python.pydev.core.DeltaSaver.addCommand(DeltaSaver.java:252)
	... 23 more

!ENTRY org.eclipse.jface.text 4 0 2013-04-05 15:43:16.765
!MESSAGE Unexpected runtime error while computing a text hover
!STACK 0
java.lang.RuntimeException: java.lang.RuntimeException: java.io.IOException: No such file or directory
	at org.python.pydev.editor.refactoring.PyRefactoringFindDefinition.findActualDefinition(PyRefactoringFindDefinition.java:88)
	at org.python.pydev.editor.hover.PyTextHover.getDocstringHover(PyTextHover.java:206)
	at org.python.pydev.editor.hover.PyTextHover.getHoverInfo(PyTextHover.java:150)
	at org.eclipse.jface.text.TextViewerHoverManager$4.run(TextViewerHoverManager.java:168)
Caused by: java.lang.RuntimeException: java.io.IOException: No such file or directory
	at org.python.pydev.core.DeltaSaver.addCommand(DeltaSaver.java:254)
	at org.python.pydev.core.DeltaSaver.addInsertCommand(DeltaSaver.java:293)
	at org.python.pydev.editor.codecompletion.revisited.ModulesManagerWithBuild.doAddSingleModule(ModulesManagerWithBuild.java:112)
	at org.python.pydev.editor.codecompletion.revisited.ModulesManager.getModule(ModulesManager.java:895)
	at org.python.pydev.editor.codecompletion.revisited.ModulesManager.getModule(ModulesManager.java:718)
	at org.python.pydev.editor.codecompletion.revisited.SystemModulesManager.getModule(SystemModulesManager.java:342)
	at org.python.pydev.editor.codecompletion.revisited.SystemModulesManager.getModule(SystemModulesManager.java:123)
	at org.python.pydev.editor.codecompletion.revisited.AbstractASTManager.getModule(AbstractASTManager.java:433)
	at org.python.pydev.editor.codecompletion.revisited.AbstractASTManager.getCompletionsForWildImport(AbstractASTManager.java:1068)
	at org.python.pydev.editor.codecompletion.revisited.AbstractASTManager.getGlobalCompletions(AbstractASTManager.java:931)
	at org.python.pydev.editor.codecompletion.revisited.AbstractASTManager.internalGenerateGetCompletionsForModule(AbstractASTManager.java:661)
	at org.python.pydev.editor.codecompletion.revisited.AbstractASTManager.getCompletionsForModule(AbstractASTManager.java:540)
	at org.python.pydev.editor.codecompletion.revisited.AbstractASTManager.getCompletionsForModule(AbstractASTManager.java:509)
	at org.python.pydev.editor.codecompletion.revisited.AbstractASTManager.getCompletionsForModule(AbstractASTManager.java:501)
	at org.python.pydev.editor.codecompletion.revisited.modules.SourceModule.findGlobalTokDef(SourceModule.java:967)
	at org.python.pydev.editor.codecompletion.revisited.modules.SourceModule.findDefinitionsFromModAndTok(SourceModule.java:916)
	at org.python.pydev.editor.codecompletion.revisited.modules.SourceModule.findDefinition(SourceModule.java:898)
	at org.python.pydev.editor.codecompletion.revisited.modules.SourceModule.findDefinition(SourceModule.java:657)
	at org.python.pydev.editor.codecompletion.revisited.modules.SourceModule.findDefinition(SourceModule.java:1)
	at org.python.pydev.editor.refactoring.PyRefactoringFindDefinition.findActualDefinition(PyRefactoringFindDefinition.java:179)
	at org.python.pydev.editor.refactoring.PyRefactoringFindDefinition.findActualDefinition(PyRefactoringFindDefinition.java:81)
	... 3 more
Caused by: java.io.IOException: No such file or directory
	at java.io.UnixFileSystem.createFileExclusively(Native Method)
	at java.io.File.createNewFile(File.java:947)
	at org.python.pydev.core.DeltaSaver.addCommand(DeltaSaver.java:252)
	... 23 more

!ENTRY com.aptana.shared_core 4 4 2013-04-05 15:43:19.641
!MESSAGE Error checking for valid tokens (imports) for forms
!STACK 0
java.lang.RuntimeException: java.io.IOException: No such file or directory
	at org.python.pydev.core.DeltaSaver.addCommand(DeltaSaver.java:254)
	at org.python.pydev.core.DeltaSaver.addInsertCommand(DeltaSaver.java:293)
	at org.python.pydev.editor.codecompletion.revisited.ModulesManagerWithBuild.doAddSingleModule(ModulesManagerWithBuild.java:112)
	at org.python.pydev.editor.codecompletion.revisited.ModulesManager.getModule(ModulesManager.java:895)
	at org.python.pydev.editor.codecompletion.revisited.ModulesManager.getModule(ModulesManager.java:718)
	at org.python.pydev.editor.codecompletion.revisited.SystemModulesManager.getModule(SystemModulesManager.java:342)
	at org.python.pydev.editor.codecompletion.revisited.SystemModulesManager.getModule(SystemModulesManager.java:123)
	at org.python.pydev.editor.codecompletion.revisited.AbstractASTManager.getModule(AbstractASTManager.java:433)
	at org.python.pydev.editor.codecompletion.revisited.AbstractASTManager.getCompletionsForWildImport(AbstractASTManager.java:1068)
	at org.python.pydev.editor.codecompletion.revisited.AbstractASTManager.getGlobalCompletions(AbstractASTManager.java:931)
	at org.python.pydev.editor.codecompletion.revisited.AbstractASTManager.internalGenerateGetCompletionsForModule(AbstractASTManager.java:661)
	at org.python.pydev.editor.codecompletion.revisited.AbstractASTManager.getCompletionsForModule(AbstractASTManager.java:540)
	at org.python.pydev.editor.codecompletion.revisited.AbstractASTManager.getCompletionsForModule(AbstractASTManager.java:509)
	at org.python.pydev.editor.codecompletion.revisited.AbstractASTManager.getCompletionsForModule(AbstractASTManager.java:501)
	at org.python.pydev.editor.codecompletion.revisited.modules.AbstractModule.internalGenerateCachedTokens(AbstractModule.java:207)
	at org.python.pydev.editor.codecompletion.revisited.modules.AbstractModule.getCachedCompletions(AbstractModule.java:179)
	at org.python.pydev.editor.codecompletion.revisited.modules.AbstractModule.isInGlobalTokens(AbstractModule.java:131)
	at com.python.pydev.analysis.scopeanalysis.AbstractScopeAnalyzerVisitor.markRead(AbstractScopeAnalyzerVisitor.java:1143)
	at com.python.pydev.analysis.scopeanalysis.AbstractScopeAnalyzerVisitor.visitAttribute(AbstractScopeAnalyzerVisitor.java:675)
	at org.python.pydev.parser.jython.ast.Attribute.accept(Attribute.java:93)
	at com.python.pydev.analysis.scopeanalysis.AbstractScopeAnalyzerVisitor.visitClassDef(AbstractScopeAnalyzerVisitor.java:242)
	at org.python.pydev.parser.jython.ast.ClassDef.accept(ClassDef.java:166)
	at org.python.pydev.parser.jython.ast.Module.traverse(Module.java:86)
	at com.python.pydev.analysis.scopeanalysis.AbstractScopeAnalyzerVisitor.traverse(AbstractScopeAnalyzerVisitor.java:189)
	at org.python.pydev.parser.jython.ast.VisitorBase.visitModule(VisitorBase.java:10)
	at org.python.pydev.parser.jython.ast.Module.accept(Module.java:79)
	at com.python.pydev.refactoring.wizards.rename.AbstractRenameRefactorProcess.getOccurrencesWithScopeAnalyzer(AbstractRenameRefactorProcess.java:257)
	at com.python.pydev.refactoring.wizards.rename.PyRenameClassProcess.findReferencesToRenameOnLocalScope(PyRenameClassProcess.java:117)
	at com.python.pydev.refactoring.wizards.rename.AbstractRenameRefactorProcess.findReferencesToRename(AbstractRenameRefactorProcess.java:181)
	at com.python.pydev.refactoring.wizards.rename.PyRenameEntryPoint.checkFinalConditions(PyRenameEntryPoint.java:258)
	at com.python.pydev.refactoring.wizards.rename.PyRenameEntryPoint.checkFinalConditions(PyRenameEntryPoint.java:227)
	at com.python.pydev.refactoring.markoccurrences.MarkOccurrencesJob.checkAnnotations(MarkOccurrencesJob.java:226)
	at com.python.pydev.refactoring.markoccurrences.MarkOccurrencesJob.run(MarkOccurrencesJob.java:126)
	at org.eclipse.core.internal.jobs.Worker.run(Worker.java:54)
Caused by: java.io.IOException: No such file or directory
	at java.io.UnixFileSystem.createFileExclusively(Native Method)
	at java.io.File.createNewFile(File.java:947)
	at org.python.pydev.core.DeltaSaver.addCommand(DeltaSaver.java:252)
	... 33 more
